                                 Started job on |	May 01 14:09:26
                             Started mapping on |	May 01 14:10:56
                                    Finished on |	May 01 14:59:23
       Mapping speed, Million of reads per hour |	348.25

                          Number of input reads |	281209033
                      Average input read length |	98
                                    UNIQUE READS:
                   Uniquely mapped reads number |	229675448
                        Uniquely mapped reads % |	81.67%
                          Average mapped length |	96.97
                       Number of splices: Total |	48789972
            Number of splices: Annotated (sjdb) |	48158819
                       Number of splices: GT/AG |	48478852
                       Number of splices: GC/AG |	121105
                       Number of splices: AT/AC |	10417
               Number of splices: Non-canonical |	179598
                      Mismatch rate per base, % |	0.49%
                         Deletion rate per base |	0.01%
                        Deletion average length |	1.45
                        Insertion rate per base |	0.01%
                       Insertion average length |	1.29
                             MULTI-MAPPING READS:
        Number of reads mapped to multiple loci |	40785214
             % of reads mapped to multiple loci |	14.50%
        Number of reads mapped to too many loci |	553984
             % of reads mapped to too many loci |	0.20%
                                  UNMAPPED READS:
  Number of reads unmapped: too many mismatches |	0
       % of reads unmapped: too many mismatches |	0.00%
            Number of reads unmapped: too short |	9734271
                 % of reads unmapped: too short |	3.46%
                Number of reads unmapped: other |	460116
                     % of reads unmapped: other |	0.16%
                                  CHIMERIC READS:
                       Number of chimeric reads |	0
                            % of chimeric reads |	0.00%
